[0520/153959.396:ERROR:process_info.cc(375)] NtQuerySystemInformation SystemExtendedHandleInformation: The specified information record length does not match the length required for the specified information class. (0xc0000004)
[0520/153959.405:ERROR:process_memory_win.cc(73)] ReadMemory at 0x7ff7089d0000 of 64 bytes failed: Only part of a ReadProcessMemory or WriteProcessMemory request was completed. (0x12B)
[0520/153959.406:WARNING:pe_image_reader.cc(340)] could not read dos header from C:\Program Files (x86)\Google\Chrome\Application\chrome.exe
[0520/153959.406:ERROR:process_memory_win.cc(73)] ReadMemory at 0x7ffe264a0000 of 64 bytes failed: Only part of a ReadProcessMemory or WriteProcessMemory request was completed. (0x12B)
[0520/153959.406:WARNING:pe_image_reader.cc(340)] could not read dos header from C:\WINDOWS\SYSTEM32\ntdll.dll
[0520/153959.406:ERROR:process_memory_win.cc(73)] ReadMemory at 0x7ffe263a0000 of 64 bytes failed: Only part of a ReadProcessMemory or WriteProcessMemory request was completed. (0x12B)
[0520/153959.406:WARNING:pe_image_reader.cc(340)] could not read dos header from C:\WINDOWS\System32\KERNEL32.DLL
[0520/153959.406:ERROR:process_memory_win.cc(73)] ReadMemory at 0x7ffe239d0000 of 64 bytes failed: Only part of a ReadProcessMemory or WriteProcessMemory request was completed. (0x12B)
[0520/153959.406:WARNING:pe_image_reader.cc(340)] could not read dos header from C:\WINDOWS\System32\KERNELBASE.dll
[0520/153959.406:ERROR:process_memory_win.cc(73)] ReadMemory at 0x7ffdec560000 of 64 bytes failed: Only part of a ReadProcessMemory or WriteProcessMemory request was completed. (0x12B)
[0520/153959.406:WARNING:pe_image_reader.cc(340)] could not read dos header from C:\Program Files (x86)\Google\Chrome\Application\83.0.4103.61\chrome_elf.dll
[0520/153959.406:ERROR:process_memory_win.cc(73)] ReadMemory at 0x7ffe1adb0000 of 64 bytes failed: Only part of a ReadProcessMemory or WriteProcessMemory request was completed. (0x12B)
[0520/153959.406:WARNING:pe_image_reader.cc(340)] could not read dos header from C:\WINDOWS\SYSTEM32\VERSION.dll
[0520/153959.406:ERROR:process_memory_win.cc(73)] ReadMemory at 0x7ffe248e0000 of 64 bytes failed: Only part of a ReadProcessMemory or WriteProcessMemory request was completed. (0x12B)
[0520/153959.406:WARNING:pe_image_reader.cc(340)] could not read dos header from C:\WINDOWS\System32\msvcrt.dll
[0520/153959.406:ERROR:process_memory_win.cc(73)] ReadMemory at 0x7ffe234e0000 of 64 bytes failed: Only part of a ReadProcessMemory or WriteProcessMemory request was completed. (0x12B)
[0520/153959.406:WARNING:pe_image_reader.cc(340)] could not read dos header from C:\WINDOWS\System32\bcryptPrimitives.dll
[0520/153959.406:ERROR:process_memory_win.cc(73)] ReadMemory at 0x7ffe25bb0000 of 64 bytes failed: Only part of a ReadProcessMemory or WriteProcessMemory request was completed. (0x12B)
[0520/153959.406:WARNING:pe_image_reader.cc(340)] could not read dos header from C:\WINDOWS\System32\ADVAPI32.dll
[0520/153959.407:ERROR:process_memory_win.cc(73)] ReadMemory at 0x7ffe25b10000 of 64 bytes failed: Only part of a ReadProcessMemory or WriteProcessMemory request was completed. (0x12B)
[0520/153959.407:WARNING:pe_image_reader.cc(340)] could not read dos header from C:\WINDOWS\System32\sechost.dll
[0520/153959.407:ERROR:process_memory_win.cc(73)] ReadMemory at 0x7ffe25120000 of 64 bytes failed: Only part of a ReadProcessMemory or WriteProcessMemory request was completed. (0x12B)
[0520/153959.407:WARNING:pe_image_reader.cc(340)] could not read dos header from C:\WINDOWS\System32\RPCRT4.dll
[0520/153959.407:ERROR:process_memory_win.cc(73)] ReadMemory at 0x7ffdb0000000 of 64 bytes failed: Only part of a ReadProcessMemory or WriteProcessMemory request was completed. (0x12B)
[0520/153959.407:WARNING:pe_image_reader.cc(340)] could not read dos header from C:\Program Files (x86)\Google\Chrome\Application\83.0.4103.61\chrome.dll
[0520/153959.407:ERROR:process_memory_win.cc(73)] ReadMemory at 0x7ffe253b0000 of 64 bytes failed: Only part of a ReadProcessMemory or WriteProcessMemory request was completed. (0x12B)
[0520/153959.407:WARNING:pe_image_reader.cc(340)] could not read dos header from C:\WINDOWS\System32\WS2_32.dll
[0520/153959.407:ERROR:process_memory_win.cc(73)] ReadMemory at 0x7ffe25c60000 of 64 bytes failed: Only part of a ReadProcessMemory or WriteProcessMemory request was completed. (0x12B)
[0520/153959.407:WARNING:pe_image_reader.cc(340)] could not read dos header from C:\WINDOWS\System32\OLEAUT32.dll
[0520/153959.407:ERROR:process_memory_win.cc(73)] ReadMemory at 0x7ffe23c80000 of 64 bytes failed: Only part of a ReadProcessMemory or WriteProcessMemory request was completed. (0x12B)
[0520/153959.407:WARNING:pe_image_reader.cc(340)] could not read dos header from C:\WINDOWS\System32\msvcp_win.dll
[0520/153959.408:ERROR:process_memory_win.cc(73)] ReadMemory at 0x7ffe23700000 of 64 bytes failed: Only part of a ReadProcessMemory or WriteProcessMemory request was completed. (0x12B)
[0520/153959.408:WARNING:pe_image_reader.cc(340)] could not read dos header from C:\WINDOWS\System32\ucrtbase.dll
[0520/153959.408:ERROR:process_memory_win.cc(73)] ReadMemory at 0x7ffe25560000 of 64 bytes failed: Only part of a ReadProcessMemory or WriteProcessMemory request was completed. (0x12B)
[0520/153959.408:WARNING:pe_image_reader.cc(340)] could not read dos header from C:\WINDOWS\System32\combase.dll
[0520/153959.408:ERROR:process_memory_win.cc(73)] ReadMemory at 0x7ffe23970000 of 64 bytes failed: Only part of a ReadProcessMemory or WriteProcessMemory request was completed. (0x12B)
[0520/153959.408:WARNING:pe_image_reader.cc(340)] could not read dos header from C:\WINDOWS\System32\WINTRUST.dll
[0520/153959.408:ERROR:process_memory_win.cc(73)] ReadMemory at 0x7ffe23370000 of 64 bytes failed: Only part of a ReadProcessMemory or WriteProcessMemory request was completed. (0x12B)
[0520/153959.408:WARNING:pe_image_reader.cc(340)] could not read dos header from C:\WINDOWS\System32\MSASN1.dll
[0520/153959.408:ERROR:process_memory_win.cc(73)] ReadMemory at 0x7ffe23800000 of 64 bytes failed: Only part of a ReadProcessMemory or WriteProcessMemory request was completed. (0x12B)
[0520/153959.408:WARNING:pe_image_reader.cc(340)] could not read dos header from C:\WINDOWS\System32\CRYPT32.dll
[0520/153959.408:ERROR:process_memory_win.cc(73)] ReadMemory at 0x7ffe22880000 of 64 bytes failed: Only part of a ReadProcessMemory or WriteProcessMemory request was completed. (0x12B)
[0520/153959.408:WARNING:pe_image_reader.cc(340)] could not read dos header from C:\WINDOWS\SYSTEM32\IPHLPAPI.DLL
[0520/153959.408:ERROR:process_memory_win.cc(73)] ReadMemory at 0x7ffe1a810000 of 64 bytes failed: Only part of a ReadProcessMemory or WriteProcessMemory request was completed. (0x12B)
[0520/153959.408:WARNING:pe_image_reader.cc(340)] could not read dos header from C:\WINDOWS\SYSTEM32\WINMM.dll
[0520/153959.408:ERROR:process_memory_win.cc(73)] ReadMemory at 0x7ffe16d70000 of 64 bytes failed: Only part of a ReadProcessMemory or WriteProcessMemory request was completed. (0x12B)
[0520/153959.408:WARNING:pe_image_reader.cc(340)] could not read dos header from C:\WINDOWS\SYSTEM32\Secur32.dll
[0520/153959.408:ERROR:process_memory_win.cc(73)] ReadMemory at 0x7ffe23250000 of 64 bytes failed: Only part of a ReadProcessMemory or WriteProcessMemory request was completed. (0x12B)
[0520/153959.408:WARNING:pe_image_reader.cc(340)] could not read dos header from C:\WINDOWS\SYSTEM32\USERENV.dll
[0520/153959.408:ERROR:process_memory_win.cc(73)] ReadMemory at 0x7ffe233e0000 of 64 bytes failed: Only part of a ReadProcessMemory or WriteProcessMemory request was completed. (0x12B)
[0520/153959.408:WARNING:pe_image_reader.cc(340)] could not read dos header from C:\WINDOWS\System32\profapi.dll
[0520/153959.408:ERROR:process_memory_win.cc(73)] ReadMemory at 0x7ffdf9f50000 of 64 bytes failed: Only part of a ReadProcessMemory or WriteProcessMemory request was completed. (0x12B)
[0520/153959.408:WARNING:pe_image_reader.cc(340)] could not read dos header from C:\WINDOWS\SYSTEM32\UIAutomationCore.DLL
[0520/153959.408:ERROR:process_memory_win.cc(73)] ReadMemory at 0x7ffe08640000 of 64 bytes failed: Only part of a ReadProcessMemory or WriteProcessMemory request was completed. (0x12B)
[0520/153959.409:WARNING:pe_image_reader.cc(340)] could not read dos header from C:\WINDOWS\SYSTEM32\DWrite.dll
[0520/153959.409:ERROR:process_memory_win.cc(73)] ReadMemory at 0x7ffe1a4b0000 of 64 bytes failed: Only part of a ReadProcessMemory or WriteProcessMemory request was completed. (0x12B)
[0520/153959.409:WARNING:pe_image_reader.cc(340)] could not read dos header from C:\WINDOWS\SYSTEM32\WINSPOOL.DRV
[0520/153959.410:ERROR:process_memory_win.cc(73)] ReadMemory at 0x7ffe23410000 of 64 bytes failed: Only part of a ReadProcessMemory or WriteProcessMemory request was completed. (0x12B)
[0520/153959.410:WARNING:pe_image_reader.cc(340)] could not read dos header from C:\WINDOWS\System32\kernel.appcore.dll
[0520/153959.410:ERROR:process_memory_win.cc(73)] ReadMemory at 0x7ffe24520000 of 64 bytes failed: Only part of a ReadProcessMemory or WriteProcessMemory request was completed. (0x12B)
[0520/153959.410:WARNING:pe_image_reader.cc(340)] could not read dos header from C:\WINDOWS\System32\bcrypt.dll
[0520/153959.410:ERROR:process_memory_win.cc(73)] ReadMemory at 0x7ffe1d340000 of 64 bytes failed: Only part of a ReadProcessMemory or WriteProcessMemory request was completed. (0x12B)
[0520/153959.410:WARNING:pe_image_reader.cc(340)] could not read dos header from C:\WINDOWS\SYSTEM32\dbghelp.dll
[0520/153959.410:ERROR:process_memory_win.cc(73)] ReadMemory at 0x7ffe19e80000 of 64 bytes failed: Only part of a ReadProcessMemory or WriteProcessMemory request was completed. (0x12B)
[0520/153959.410:WARNING:pe_image_reader.cc(340)] could not read dos header from C:\WINDOWS\SYSTEM32\WINHTTP.dll
[0520/153959.410:ERROR:process_memory_win.cc(73)] ReadMemory at 0x7ffe1b5c0000 of 64 bytes failed: Only part of a ReadProcessMemory or WriteProcessMemory request was completed. (0x12B)
[0520/153959.410:WARNING:pe_image_reader.cc(340)] could not read dos header from C:\WINDOWS\SYSTEM32\dhcpcsvc.DLL
[0520/153959.410:ERROR:process_memory_win.cc(73)] ReadMemory at 0x7ffe24870000 of 64 bytes failed: Only part of a ReadProcessMemory or WriteProcessMemory request was completed. (0x12B)
[0520/153959.410:WARNING:pe_image_reader.cc(340)] could not read dos header from C:\WINDOWS\System32\NSI.dll
[0520/153959.410:ERROR:process_memory_win.cc(73)] ReadMemory at 0x7ffe1a7e0000 of 64 bytes failed: Only part of a ReadProcessMemory or WriteProcessMemory request was completed. (0x12B)
[0520/153959.410:WARNING:pe_image_reader.cc(340)] could not read dos header from C:\WINDOWS\SYSTEM32\WINMMBASE.dll
[0520/153959.410:ERROR:process_memory_win.cc(73)] ReadMemory at 0x7ffe244d0000 of 64 bytes failed: Only part of a ReadProcessMemory or WriteProcessMemory request was completed. (0x12B)
[0520/153959.410:WARNING:pe_image_reader.cc(340)] could not read dos header from C:\WINDOWS\System32\cfgmgr32.dll
[0520/153959.410:ERROR:process_memory_win.cc(73)] ReadMemory at 0x7ffe1f960000 of 64 bytes failed: Only part of a ReadProcessMemory or WriteProcessMemory request was completed. (0x12B)
[0520/153959.410:WARNING:pe_image_reader.cc(340)] could not read dos header from C:\WINDOWS\SYSTEM32\PROPSYS.dll
[0520/153959.410:ERROR:process_memory_win.cc(73)] ReadMemory at 0x7ffe25490000 of 64 bytes failed: Only part of a ReadProcessMemory or WriteProcessMemory request was completed. (0x12B)
[0520/153959.410:WARNING:pe_image_reader.cc(340)] could not read dos header from C:\WINDOWS\System32\shcore.dll
[0520/153959.410:ERROR:process_memory_win.cc(73)] ReadMemory at 0x7ffe23280000 of 64 bytes failed: Only part of a ReadProcessMemory or WriteProcessMemory request was completed. (0x12B)
[0520/153959.410:WARNING:pe_image_reader.cc(340)] could not read dos header from C:\WINDOWS\SYSTEM32\SSPICLI.DLL
[0520/153959.410:ERROR:process_memory_win.cc(73)] ReadMemory at 0x7ffe22d40000 of 64 bytes failed: Only part of a ReadProcessMemory or WriteProcessMemory request was completed. (0x12B)
[0520/153959.410:WARNING:pe_image_reader.cc(340)] could not read dos header from C:\WINDOWS\SYSTEM32\CRYPTBASE.DLL
[0520/153959.416:ERROR:process_memory_win.cc(73)] ReadMemory at 0x7ff7089d0000 of 64 bytes failed: Only part of a ReadProcessMemory or WriteProcessMemory request was completed. (0x12B)
[0520/153959.416:WARNING:pe_image_reader.cc(340)] could not read dos header from C:\Program Files (x86)\Google\Chrome\Application\chrome.exe
[0520/153959.416:ERROR:process_memory_win.cc(73)] ReadMemory at 0x7ffe264a0000 of 64 bytes failed: Only part of a ReadProcessMemory or WriteProcessMemory request was completed. (0x12B)
[0520/153959.416:WARNING:pe_image_reader.cc(340)] could not read dos header from C:\WINDOWS\SYSTEM32\ntdll.dll
[0520/153959.416:ERROR:process_memory_win.cc(73)] ReadMemory at 0x7ffe263a0000 of 64 bytes failed: Only part of a ReadProcessMemory or WriteProcessMemory request was completed. (0x12B)
[0520/153959.416:WARNING:pe_image_reader.cc(340)] could not read dos header from C:\WINDOWS\System32\KERNEL32.DLL
[0520/153959.416:ERROR:process_memory_win.cc(73)] ReadMemory at 0x7ffe239d0000 of 64 bytes failed: Only part of a ReadProcessMemory or WriteProcessMemory request was completed. (0x12B)
[0520/153959.416:WARNING:pe_image_reader.cc(340)] could not read dos header from C:\WINDOWS\System32\KERNELBASE.dll
[0520/153959.416:ERROR:process_memory_win.cc(73)] ReadMemory at 0x7ffdec560000 of 64 bytes failed: Only part of a ReadProcessMemory or WriteProcessMemory request was completed. (0x12B)
[0520/153959.416:WARNING:pe_image_reader.cc(340)] could not read dos header from C:\Program Files (x86)\Google\Chrome\Application\83.0.4103.61\chrome_elf.dll
[0520/153959.417:ERROR:process_memory_win.cc(73)] ReadMemory at 0x7ffe1adb0000 of 64 bytes failed: Only part of a ReadProcessMemory or WriteProcessMemory request was completed. (0x12B)
[0520/153959.417:WARNING:pe_image_reader.cc(340)] could not read dos header from C:\WINDOWS\SYSTEM32\VERSION.dll
[0520/153959.417:ERROR:process_memory_win.cc(73)] ReadMemory at 0x7ffe248e0000 of 64 bytes failed: Only part of a ReadProcessMemory or WriteProcessMemory request was completed. (0x12B)
[0520/153959.417:WARNING:pe_image_reader.cc(340)] could not read dos header from C:\WINDOWS\System32\msvcrt.dll
[0520/153959.417:ERROR:process_memory_win.cc(73)] ReadMemory at 0x7ffe234e0000 of 64 bytes failed: Only part of a ReadProcessMemory or WriteProcessMemory request was completed. (0x12B)
[0520/153959.417:WARNING:pe_image_reader.cc(340)] could not read dos header from C:\WINDOWS\System32\bcryptPrimitives.dll
[0520/153959.417:ERROR:process_memory_win.cc(73)] ReadMemory at 0x7ffe25bb0000 of 64 bytes failed: Only part of a ReadProcessMemory or WriteProcessMemory request was completed. (0x12B)
[0520/153959.417:WARNING:pe_image_reader.cc(340)] could not read dos header from C:\WINDOWS\System32\ADVAPI32.dll
[0520/153959.417:ERROR:process_memory_win.cc(73)] ReadMemory at 0x7ffe25b10000 of 64 bytes failed: Only part of a ReadProcessMemory or WriteProcessMemory request was completed. (0x12B)
[0520/153959.418:WARNING:pe_image_reader.cc(340)] could not read dos header from C:\WINDOWS\System32\sechost.dll
[0520/153959.418:ERROR:process_memory_win.cc(73)] ReadMemory at 0x7ffe25120000 of 64 bytes failed: Only part of a ReadProcessMemory or WriteProcessMemory request was completed. (0x12B)
[0520/153959.418:WARNING:pe_image_reader.cc(340)] could not read dos header from C:\WINDOWS\System32\RPCRT4.dll
[0520/153959.418:ERROR:process_memory_win.cc(73)] ReadMemory at 0x7ffdb0000000 of 64 bytes failed: Only part of a ReadProcessMemory or WriteProcessMemory request was completed. (0x12B)
[0520/153959.418:WARNING:pe_image_reader.cc(340)] could not read dos header from C:\Program Files (x86)\Google\Chrome\Application\83.0.4103.61\chrome.dll
[0520/153959.418:ERROR:process_memory_win.cc(73)] ReadMemory at 0x7ffe253b0000 of 64 bytes failed: Only part of a ReadProcessMemory or WriteProcessMemory request was completed. (0x12B)
[0520/153959.418:WARNING:pe_image_reader.cc(340)] could not read dos header from C:\WINDOWS\System32\WS2_32.dll
[0520/153959.418:ERROR:process_memory_win.cc(73)] ReadMemory at 0x7ffe25c60000 of 64 bytes failed: Only part of a ReadProcessMemory or WriteProcessMemory request was completed. (0x12B)
[0520/153959.418:WARNING:pe_image_reader.cc(340)] could not read dos header from C:\WINDOWS\System32\OLEAUT32.dll
[0520/153959.418:ERROR:process_memory_win.cc(73)] ReadMemory at 0x7ffe23c80000 of 64 bytes failed: Only part of a ReadProcessMemory or WriteProcessMemory request was completed. (0x12B)
[0520/153959.418:WARNING:pe_image_reader.cc(340)] could not read dos header from C:\WINDOWS\System32\msvcp_win.dll
[0520/153959.418:ERROR:process_memory_win.cc(73)] ReadMemory at 0x7ffe23700000 of 64 bytes failed: Only part of a ReadProcessMemory or WriteProcessMemory request was completed. (0x12B)
[0520/153959.418:WARNING:pe_image_reader.cc(340)] could not read dos header from C:\WINDOWS\System32\ucrtbase.dll
[0520/153959.418:ERROR:process_memory_win.cc(73)] ReadMemory at 0x7ffe25560000 of 64 bytes failed: Only part of a ReadProcessMemory or WriteProcessMemory request was completed. (0x12B)
[0520/153959.418:WARNING:pe_image_reader.cc(340)] could not read dos header from C:\WINDOWS\System32\combase.dll
[0520/153959.418:ERROR:process_memory_win.cc(73)] ReadMemory at 0x7ffe23970000 of 64 bytes failed: Only part of a ReadProcessMemory or WriteProcessMemory request was completed. (0x12B)
[0520/153959.418:WARNING:pe_image_reader.cc(340)] could not read dos header from C:\WINDOWS\System32\WINTRUST.dll
[0520/153959.418:ERROR:process_memory_win.cc(73)] ReadMemory at 0x7ffe23370000 of 64 bytes failed: Only part of a ReadProcessMemory or WriteProcessMemory request was completed. (0x12B)
[0520/153959.418:WARNING:pe_image_reader.cc(340)] could not read dos header from C:\WINDOWS\System32\MSASN1.dll
[0520/153959.419:ERROR:process_memory_win.cc(73)] ReadMemory at 0x7ffe23800000 of 64 bytes failed: Only part of a ReadProcessMemory or WriteProcessMemory request was completed. (0x12B)
[0520/153959.419:WARNING:pe_image_reader.cc(340)] could not read dos header from C:\WINDOWS\System32\CRYPT32.dll
[0520/153959.419:ERROR:process_memory_win.cc(73)] ReadMemory at 0x7ffe22880000 of 64 bytes failed: Only part of a ReadProcessMemory or WriteProcessMemory request was completed. (0x12B)
[0520/153959.419:WARNING:pe_image_reader.cc(340)] could not read dos header from C:\WINDOWS\SYSTEM32\IPHLPAPI.DLL
[0520/153959.419:ERROR:process_memory_win.cc(73)] ReadMemory at 0x7ffe1a810000 of 64 bytes failed: Only part of a ReadProcessMemory or WriteProcessMemory request was completed. (0x12B)
[0520/153959.419:WARNING:pe_image_reader.cc(340)] could not read dos header from C:\WINDOWS\SYSTEM32\WINMM.dll
[0520/153959.419:ERROR:process_memory_win.cc(73)] ReadMemory at 0x7ffe16d70000 of 64 bytes failed: Only part of a ReadProcessMemory or WriteProcessMemory request was completed. (0x12B)
[0520/153959.419:WARNING:pe_image_reader.cc(340)] could not read dos header from C:\WINDOWS\SYSTEM32\Secur32.dll
[0520/153959.419:ERROR:process_memory_win.cc(73)] ReadMemory at 0x7ffe23250000 of 64 bytes failed: Only part of a ReadProcessMemory or WriteProcessMemory request was completed. (0x12B)
[0520/153959.419:WARNING:pe_image_reader.cc(340)] could not read dos header from C:\WINDOWS\SYSTEM32\USERENV.dll
[0520/153959.419:ERROR:process_memory_win.cc(73)] ReadMemory at 0x7ffe233e0000 of 64 bytes failed: Only part of a ReadProcessMemory or WriteProcessMemory request was completed. (0x12B)
[0520/153959.419:WARNING:pe_image_reader.cc(340)] could not read dos header from C:\WINDOWS\System32\profapi.dll
[0520/153959.419:ERROR:process_memory_win.cc(73)] ReadMemory at 0x7ffdf9f50000 of 64 bytes failed: Only part of a ReadProcessMemory or WriteProcessMemory request was completed. (0x12B)
[0520/153959.419:WARNING:pe_image_reader.cc(340)] could not read dos header from C:\WINDOWS\SYSTEM32\UIAutomationCore.DLL
[0520/153959.419:ERROR:process_memory_win.cc(73)] ReadMemory at 0x7ffe08640000 of 64 bytes failed: Only part of a ReadProcessMemory or WriteProcessMemory request was completed. (0x12B)
[0520/153959.419:WARNING:pe_image_reader.cc(340)] could not read dos header from C:\WINDOWS\SYSTEM32\DWrite.dll
[0520/153959.419:ERROR:process_memory_win.cc(73)] ReadMemory at 0x7ffe1a4b0000 of 64 bytes failed: Only part of a ReadProcessMemory or WriteProcessMemory request was completed. (0x12B)
[0520/153959.420:WARNING:pe_image_reader.cc(340)] could not read dos header from C:\WINDOWS\SYSTEM32\WINSPOOL.DRV
[0520/153959.420:ERROR:process_memory_win.cc(73)] ReadMemory at 0x7ffe23410000 of 64 bytes failed: Only part of a ReadProcessMemory or WriteProcessMemory request was completed. (0x12B)
[0520/153959.420:WARNING:pe_image_reader.cc(340)] could not read dos header from C:\WINDOWS\System32\kernel.appcore.dll
[0520/153959.420:ERROR:process_memory_win.cc(73)] ReadMemory at 0x7ffe24520000 of 64 bytes failed: Only part of a ReadProcessMemory or WriteProcessMemory request was completed. (0x12B)
[0520/153959.420:WARNING:pe_image_reader.cc(340)] could not read dos header from C:\WINDOWS\System32\bcrypt.dll
[0520/153959.420:ERROR:process_memory_win.cc(73)] ReadMemory at 0x7ffe1d340000 of 64 bytes failed: Only part of a ReadProcessMemory or WriteProcessMemory request was completed. (0x12B)
[0520/153959.420:WARNING:pe_image_reader.cc(340)] could not read dos header from C:\WINDOWS\SYSTEM32\dbghelp.dll
[0520/153959.420:ERROR:process_memory_win.cc(73)] ReadMemory at 0x7ffe19e80000 of 64 bytes failed: Only part of a ReadProcessMemory or WriteProcessMemory request was completed. (0x12B)
[0520/153959.420:WARNING:pe_image_reader.cc(340)] could not read dos header from C:\WINDOWS\SYSTEM32\WINHTTP.dll
[0520/153959.420:ERROR:process_memory_win.cc(73)] ReadMemory at 0x7ffe1b5c0000 of 64 bytes failed: Only part of a ReadProcessMemory or WriteProcessMemory request was completed. (0x12B)
[0520/153959.420:WARNING:pe_image_reader.cc(340)] could not read dos header from C:\WINDOWS\SYSTEM32\dhcpcsvc.DLL
[0520/153959.420:ERROR:process_memory_win.cc(73)] ReadMemory at 0x7ffe24870000 of 64 bytes failed: Only part of a ReadProcessMemory or WriteProcessMemory request was completed. (0x12B)
[0520/153959.420:WARNING:pe_image_reader.cc(340)] could not read dos header from C:\WINDOWS\System32\NSI.dll
[0520/153959.420:ERROR:process_memory_win.cc(73)] ReadMemory at 0x7ffe1a7e0000 of 64 bytes failed: Only part of a ReadProcessMemory or WriteProcessMemory request was completed. (0x12B)
[0520/153959.420:WARNING:pe_image_reader.cc(340)] could not read dos header from C:\WINDOWS\SYSTEM32\WINMMBASE.dll
[0520/153959.420:ERROR:process_memory_win.cc(73)] ReadMemory at 0x7ffe244d0000 of 64 bytes failed: Only part of a ReadProcessMemory or WriteProcessMemory request was completed. (0x12B)
[0520/153959.421:WARNING:pe_image_reader.cc(340)] could not read dos header from C:\WINDOWS\System32\cfgmgr32.dll
[0520/153959.421:ERROR:process_memory_win.cc(73)] ReadMemory at 0x7ffe1f960000 of 64 bytes failed: Only part of a ReadProcessMemory or WriteProcessMemory request was completed. (0x12B)
[0520/153959.421:WARNING:pe_image_reader.cc(340)] could not read dos header from C:\WINDOWS\SYSTEM32\PROPSYS.dll
[0520/153959.421:ERROR:process_memory_win.cc(73)] ReadMemory at 0x7ffe25490000 of 64 bytes failed: Only part of a ReadProcessMemory or WriteProcessMemory request was completed. (0x12B)
[0520/153959.421:WARNING:pe_image_reader.cc(340)] could not read dos header from C:\WINDOWS\System32\shcore.dll
[0520/153959.421:ERROR:process_memory_win.cc(73)] ReadMemory at 0x7ffe23280000 of 64 bytes failed: Only part of a ReadProcessMemory or WriteProcessMemory request was completed. (0x12B)
[0520/153959.421:WARNING:pe_image_reader.cc(340)] could not read dos header from C:\WINDOWS\SYSTEM32\SSPICLI.DLL
[0520/153959.421:ERROR:process_memory_win.cc(73)] ReadMemory at 0x7ffe22d40000 of 64 bytes failed: Only part of a ReadProcessMemory or WriteProcessMemory request was completed. (0x12B)
[0520/153959.421:WARNING:pe_image_reader.cc(340)] could not read dos header from C:\WINDOWS\SYSTEM32\CRYPTBASE.DLL
[0520/153959.421:ERROR:process_memory_win.cc(73)] ReadMemory at 0x7ff7089d0000 of 64 bytes failed: Only part of a ReadProcessMemory or WriteProcessMemory request was completed. (0x12B)
[0520/153959.421:WARNING:pe_image_reader.cc(340)] could not read dos header from C:\Program Files (x86)\Google\Chrome\Application\chrome.exe
[0520/153959.421:ERROR:process_memory_win.cc(73)] ReadMemory at 0x7ffe264a0000 of 64 bytes failed: Only part of a ReadProcessMemory or WriteProcessMemory request was completed. (0x12B)
[0520/153959.421:WARNING:pe_image_reader.cc(340)] could not read dos header from C:\WINDOWS\SYSTEM32\ntdll.dll
[0520/153959.422:ERROR:process_memory_win.cc(73)] ReadMemory at 0x7ffe263a0000 of 64 bytes failed: Only part of a ReadProcessMemory or WriteProcessMemory request was completed. (0x12B)
[0520/153959.422:WARNING:pe_image_reader.cc(340)] could not read dos header from C:\WINDOWS\System32\KERNEL32.DLL
[0520/153959.422:ERROR:process_memory_win.cc(73)] ReadMemory at 0x7ffe239d0000 of 64 bytes failed: Only part of a ReadProcessMemory or WriteProcessMemory request was completed. (0x12B)
[0520/153959.422:WARNING:pe_image_reader.cc(340)] could not read dos header from C:\WINDOWS\System32\KERNELBASE.dll
[0520/153959.422:ERROR:process_memory_win.cc(73)] ReadMemory at 0x7ffdec560000 of 64 bytes failed: Only part of a ReadProcessMemory or WriteProcessMemory request was completed. (0x12B)
[0520/153959.422:WARNING:pe_image_reader.cc(340)] could not read dos header from C:\Program Files (x86)\Google\Chrome\Application\83.0.4103.61\chrome_elf.dll
[0520/153959.422:ERROR:process_memory_win.cc(73)] ReadMemory at 0x7ffe1adb0000 of 64 bytes failed: Only part of a ReadProcessMemory or WriteProcessMemory request was completed. (0x12B)
[0520/153959.422:WARNING:pe_image_reader.cc(340)] could not read dos header from C:\WINDOWS\SYSTEM32\VERSION.dll
[0520/153959.422:ERROR:process_memory_win.cc(73)] ReadMemory at 0x7ffe248e0000 of 64 bytes failed: Only part of a ReadProcessMemory or WriteProcessMemory request was completed. (0x12B)
[0520/153959.422:WARNING:pe_image_reader.cc(340)] could not read dos header from C:\WINDOWS\System32\msvcrt.dll
[0520/153959.422:ERROR:process_memory_win.cc(73)] ReadMemory at 0x7ffe234e0000 of 64 bytes failed: Only part of a ReadProcessMemory or WriteProcessMemory request was completed. (0x12B)
[0520/153959.422:WARNING:pe_image_reader.cc(340)] could not read dos header from C:\WINDOWS\System32\bcryptPrimitives.dll
[0520/153959.422:ERROR:process_memory_win.cc(73)] ReadMemory at 0x7ffe25bb0000 of 64 bytes failed: Only part of a ReadProcessMemory or WriteProcessMemory request was completed. (0x12B)
[0520/153959.422:WARNING:pe_image_reader.cc(340)] could not read dos header from C:\WINDOWS\System32\ADVAPI32.dll
[0520/153959.422:ERROR:process_memory_win.cc(73)] ReadMemory at 0x7ffe25b10000 of 64 bytes failed: Only part of a ReadProcessMemory or WriteProcessMemory request was completed. (0x12B)
[0520/153959.422:WARNING:pe_image_reader.cc(340)] could not read dos header from C:\WINDOWS\System32\sechost.dll
[0520/153959.422:ERROR:process_memory_win.cc(73)] ReadMemory at 0x7ffe25120000 of 64 bytes failed: Only part of a ReadProcessMemory or WriteProcessMemory request was completed. (0x12B)
[0520/153959.422:WARNING:pe_image_reader.cc(340)] could not read dos header from C:\WINDOWS\System32\RPCRT4.dll
[0520/153959.422:ERROR:process_memory_win.cc(73)] ReadMemory at 0x7ffdb0000000 of 64 bytes failed: Only part of a ReadProcessMemory or WriteProcessMemory request was completed. (0x12B)
[0520/153959.422:WARNING:pe_image_reader.cc(340)] could not read dos header from C:\Program Files (x86)\Google\Chrome\Application\83.0.4103.61\chrome.dll
[0520/153959.422:ERROR:process_memory_win.cc(73)] ReadMemory at 0x7ffe253b0000 of 64 bytes failed: Only part of a ReadProcessMemory or WriteProcessMemory request was completed. (0x12B)
[0520/153959.423:WARNING:pe_image_reader.cc(340)] could not read dos header from C:\WINDOWS\System32\WS2_32.dll
[0520/153959.423:ERROR:process_memory_win.cc(73)] ReadMemory at 0x7ffe25c60000 of 64 bytes failed: Only part of a ReadProcessMemory or WriteProcessMemory request was completed. (0x12B)
[0520/153959.423:WARNING:pe_image_reader.cc(340)] could not read dos header from C:\WINDOWS\System32\OLEAUT32.dll
[0520/153959.423:ERROR:process_memory_win.cc(73)] ReadMemory at 0x7ffe23c80000 of 64 bytes failed: Only part of a ReadProcessMemory or WriteProcessMemory request was completed. (0x12B)
[0520/153959.423:WARNING:pe_image_reader.cc(340)] could not read dos header from C:\WINDOWS\System32\msvcp_win.dll
[0520/153959.423:ERROR:process_memory_win.cc(73)] ReadMemory at 0x7ffe23700000 of 64 bytes failed: Only part of a ReadProcessMemory or WriteProcessMemory request was completed. (0x12B)
[0520/153959.423:WARNING:pe_image_reader.cc(340)] could not read dos header from C:\WINDOWS\System32\ucrtbase.dll
[0520/153959.423:ERROR:process_memory_win.cc(73)] ReadMemory at 0x7ffe25560000 of 64 bytes failed: Only part of a ReadProcessMemory or WriteProcessMemory request was completed. (0x12B)
[0520/153959.423:WARNING:pe_image_reader.cc(340)] could not read dos header from C:\WINDOWS\System32\combase.dll
[0520/153959.423:ERROR:process_memory_win.cc(73)] ReadMemory at 0x7ffe23970000 of 64 bytes failed: Only part of a ReadProcessMemory or WriteProcessMemory request was completed. (0x12B)
[0520/153959.423:WARNING:pe_image_reader.cc(340)] could not read dos header from C:\WINDOWS\System32\WINTRUST.dll
[0520/153959.423:ERROR:process_memory_win.cc(73)] ReadMemory at 0x7ffe23370000 of 64 bytes failed: Only part of a ReadProcessMemory or WriteProcessMemory request was completed. (0x12B)
[0520/153959.423:WARNING:pe_image_reader.cc(340)] could not read dos header from C:\WINDOWS\System32\MSASN1.dll
[0520/153959.423:ERROR:process_memory_win.cc(73)] ReadMemory at 0x7ffe23800000 of 64 bytes failed: Only part of a ReadProcessMemory or WriteProcessMemory request was completed. (0x12B)
[0520/153959.423:WARNING:pe_image_reader.cc(340)] could not read dos header from C:\WINDOWS\System32\CRYPT32.dll
[0520/153959.423:ERROR:process_memory_win.cc(73)] ReadMemory at 0x7ffe22880000 of 64 bytes failed: Only part of a ReadProcessMemory or WriteProcessMemory request was completed. (0x12B)
[0520/153959.423:WARNING:pe_image_reader.cc(340)] could not read dos header from C:\WINDOWS\SYSTEM32\IPHLPAPI.DLL
[0520/153959.424:ERROR:process_memory_win.cc(73)] ReadMemory at 0x7ffe1a810000 of 64 bytes failed: Only part of a ReadProcessMemory or WriteProcessMemory request was completed. (0x12B)
[0520/153959.424:WARNING:pe_image_reader.cc(340)] could not read dos header from C:\WINDOWS\SYSTEM32\WINMM.dll
[0520/153959.424:ERROR:process_memory_win.cc(73)] ReadMemory at 0x7ffe16d70000 of 64 bytes failed: Only part of a ReadProcessMemory or WriteProcessMemory request was completed. (0x12B)
[0520/153959.424:WARNING:pe_image_reader.cc(340)] could not read dos header from C:\WINDOWS\SYSTEM32\Secur32.dll
[0520/153959.424:ERROR:process_memory_win.cc(73)] ReadMemory at 0x7ffe23250000 of 64 bytes failed: Only part of a ReadProcessMemory or WriteProcessMemory request was completed. (0x12B)
[0520/153959.424:WARNING:pe_image_reader.cc(340)] could not read dos header from C:\WINDOWS\SYSTEM32\USERENV.dll
[0520/153959.424:ERROR:process_memory_win.cc(73)] ReadMemory at 0x7ffe233e0000 of 64 bytes failed: Only part of a ReadProcessMemory or WriteProcessMemory request was completed. (0x12B)
[0520/153959.424:WARNING:pe_image_reader.cc(340)] could not read dos header from C:\WINDOWS\System32\profapi.dll
[0520/153959.424:ERROR:process_memory_win.cc(73)] ReadMemory at 0x7ffdf9f50000 of 64 bytes failed: Only part of a ReadProcessMemory or WriteProcessMemory request was completed. (0x12B)
[0520/153959.424:WARNING:pe_image_reader.cc(340)] could not read dos header from C:\WINDOWS\SYSTEM32\UIAutomationCore.DLL
[0520/153959.424:ERROR:process_memory_win.cc(73)] ReadMemory at 0x7ffe08640000 of 64 bytes failed: Only part of a ReadProcessMemory or WriteProcessMemory request was completed. (0x12B)
[0520/153959.424:WARNING:pe_image_reader.cc(340)] could not read dos header from C:\WINDOWS\SYSTEM32\DWrite.dll
[0520/153959.424:ERROR:process_memory_win.cc(73)] ReadMemory at 0x7ffe1a4b0000 of 64 bytes failed: Only part of a ReadProcessMemory or WriteProcessMemory request was completed. (0x12B)
[0520/153959.424:WARNING:pe_image_reader.cc(340)] could not read dos header from C:\WINDOWS\SYSTEM32\WINSPOOL.DRV
[0520/153959.424:ERROR:process_memory_win.cc(73)] ReadMemory at 0x7ffe23410000 of 64 bytes failed: Only part of a ReadProcessMemory or WriteProcessMemory request was completed. (0x12B)
[0520/153959.424:WARNING:pe_image_reader.cc(340)] could not read dos header from C:\WINDOWS\System32\kernel.appcore.dll
[0520/153959.424:ERROR:process_memory_win.cc(73)] ReadMemory at 0x7ffe24520000 of 64 bytes failed: Only part of a ReadProcessMemory or WriteProcessMemory request was completed. (0x12B)
[0520/153959.424:WARNING:pe_image_reader.cc(340)] could not read dos header from C:\WINDOWS\System32\bcrypt.dll
[0520/153959.424:ERROR:process_memory_win.cc(73)] ReadMemory at 0x7ffe1d340000 of 64 bytes failed: Only part of a ReadProcessMemory or WriteProcessMemory request was completed. (0x12B)
[0520/153959.424:WARNING:pe_image_reader.cc(340)] could not read dos header from C:\WINDOWS\SYSTEM32\dbghelp.dll
[0520/153959.424:ERROR:process_memory_win.cc(73)] ReadMemory at 0x7ffe19e80000 of 64 bytes failed: Only part of a ReadProcessMemory or WriteProcessMemory request was completed. (0x12B)
[0520/153959.425:WARNING:pe_image_reader.cc(340)] could not read dos header from C:\WINDOWS\SYSTEM32\WINHTTP.dll
[0520/153959.425:ERROR:process_memory_win.cc(73)] ReadMemory at 0x7ffe1b5c0000 of 64 bytes failed: Only part of a ReadProcessMemory or WriteProcessMemory request was completed. (0x12B)
[0520/153959.425:WARNING:pe_image_reader.cc(340)] could not read dos header from C:\WINDOWS\SYSTEM32\dhcpcsvc.DLL
[0520/153959.425:ERROR:process_memory_win.cc(73)] ReadMemory at 0x7ffe24870000 of 64 bytes failed: Only part of a ReadProcessMemory or WriteProcessMemory request was completed. (0x12B)
[0520/153959.425:WARNING:pe_image_reader.cc(340)] could not read dos header from C:\WINDOWS\System32\NSI.dll
[0520/153959.425:ERROR:process_memory_win.cc(73)] ReadMemory at 0x7ffe1a7e0000 of 64 bytes failed: Only part of a ReadProcessMemory or WriteProcessMemory request was completed. (0x12B)
[0520/153959.425:WARNING:pe_image_reader.cc(340)] could not read dos header from C:\WINDOWS\SYSTEM32\WINMMBASE.dll
[0520/153959.425:ERROR:process_memory_win.cc(73)] ReadMemory at 0x7ffe244d0000 of 64 bytes failed: Only part of a ReadProcessMemory or WriteProcessMemory request was completed. (0x12B)
[0520/153959.425:WARNING:pe_image_reader.cc(340)] could not read dos header from C:\WINDOWS\System32\cfgmgr32.dll
[0520/153959.425:ERROR:process_memory_win.cc(73)] ReadMemory at 0x7ffe1f960000 of 64 bytes failed: Only part of a ReadProcessMemory or WriteProcessMemory request was completed. (0x12B)
[0520/153959.425:WARNING:pe_image_reader.cc(340)] could not read dos header from C:\WINDOWS\SYSTEM32\PROPSYS.dll
[0520/153959.425:ERROR:process_memory_win.cc(73)] ReadMemory at 0x7ffe25490000 of 64 bytes failed: Only part of a ReadProcessMemory or WriteProcessMemory request was completed. (0x12B)
[0520/153959.425:WARNING:pe_image_reader.cc(340)] could not read dos header from C:\WINDOWS\System32\shcore.dll
[0520/153959.425:ERROR:process_memory_win.cc(73)] ReadMemory at 0x7ffe23280000 of 64 bytes failed: Only part of a ReadProcessMemory or WriteProcessMemory request was completed. (0x12B)
[0520/153959.425:WARNING:pe_image_reader.cc(340)] could not read dos header from C:\WINDOWS\SYSTEM32\SSPICLI.DLL
[0520/153959.425:ERROR:process_memory_win.cc(73)] ReadMemory at 0x7ffe22d40000 of 64 bytes failed: Only part of a ReadProcessMemory or WriteProcessMemory request was completed. (0x12B)
[0520/153959.425:WARNING:pe_image_reader.cc(340)] could not read dos header from C:\WINDOWS\SYSTEM32\CRYPTBASE.DLL
[0520/153959.446:ERROR:process_memory_win.cc(73)] ReadMemory at 0xdc6a1e5000 of 110592 bytes failed: Only part of a ReadProcessMemory or WriteProcessMemory request was completed. (0x12B)
[0520/153959.447:ERROR:process_memory_win.cc(73)] ReadMemory at 0xdc6a9fd000 of 12288 bytes failed: Only part of a ReadProcessMemory or WriteProcessMemory request was completed. (0x12B)
[0520/153959.447:ERROR:process_memory_win.cc(73)] ReadMemory at 0xdc6b9fc000 of 16384 bytes failed: Only part of a ReadProcessMemory or WriteProcessMemory request was completed. (0x12B)
[0520/153959.448:ERROR:process_memory_win.cc(73)] ReadMemory at 0xdc6c1fc000 of 16384 bytes failed: Only part of a ReadProcessMemory or WriteProcessMemory request was completed. (0x12B)
[0520/153959.448:ERROR:process_memory_win.cc(73)] ReadMemory at 0xdc6c9fe000 of 8192 bytes failed: Only part of a ReadProcessMemory or WriteProcessMemory request was completed. (0x12B)
[0520/153959.448:ERROR:process_memory_win.cc(73)] ReadMemory at 0xdc6d1fd000 of 12288 bytes failed: Only part of a ReadProcessMemory or WriteProcessMemory request was completed. (0x12B)
[0520/153959.449:ERROR:process_memory_win.cc(73)] ReadMemory at 0xdc6d9fb000 of 20480 bytes failed: Only part of a ReadProcessMemory or WriteProcessMemory request was completed. (0x12B)
[0520/153959.449:ERROR:process_memory_win.cc(73)] ReadMemory at 0xdc6e9fd000 of 12288 bytes failed: Only part of a ReadProcessMemory or WriteProcessMemory request was completed. (0x12B)
[0520/153959.449:ERROR:process_memory_win.cc(73)] ReadMemory at 0xdc6f1f6000 of 40960 bytes failed: Only part of a ReadProcessMemory or WriteProcessMemory request was completed. (0x12B)
[0520/153959.449:ERROR:process_memory_win.cc(73)] ReadMemory at 0xdc6f9f6000 of 40960 bytes failed: Only part of a ReadProcessMemory or WriteProcessMemory request was completed. (0x12B)
[0520/153959.449:ERROR:process_memory_win.cc(73)] ReadMemory at 0xdc701fd000 of 12288 bytes failed: Only part of a ReadProcessMemory or WriteProcessMemory request was completed. (0x12B)
[0520/153959.449:ERROR:process_memory_win.cc(73)] ReadMemory at 0xdc711fd000 of 12288 bytes failed: Only part of a ReadProcessMemory or WriteProcessMemory request was completed. (0x12B)
[0520/153959.450:ERROR:process_memory_win.cc(73)] ReadMemory at 0xdc6e1fd000 of 12288 bytes failed: Only part of a ReadProcessMemory or WriteProcessMemory request was completed. (0x12B)
[0520/153959.450:ERROR:process_memory_win.cc(73)] ReadMemory at 0xdc6b1fd000 of 12288 bytes failed: Only part of a ReadProcessMemory or WriteProcessMemory request was completed. (0x12B)
[0520/153959.450:ERROR:process_memory_win.cc(73)] ReadMemory at 0xdc698af000 of 852 bytes failed: Only part of a ReadProcessMemory or WriteProcessMemory request was completed. (0x12B)
[0520/153959.450:ERROR:process_memory_win.cc(73)] ReadMemory at 0xdc698b0000 of 6024 bytes failed: Only part of a ReadProcessMemory or WriteProcessMemory request was completed. (0x12B)
[0520/153959.451:ERROR:process_memory_win.cc(73)] ReadMemory at 0xdc698b2000 of 6024 bytes failed: Only part of a ReadProcessMemory or WriteProcessMemory request was completed. (0x12B)
[0520/153959.451:ERROR:process_memory_win.cc(73)] ReadMemory at 0xdc698b6000 of 6024 bytes failed: Only part of a ReadProcessMemory or WriteProcessMemory request was completed. (0x12B)
[0520/153959.451:ERROR:process_memory_win.cc(73)] ReadMemory at 0xdc698b8000 of 6024 bytes failed: Only part of a ReadProcessMemory or WriteProcessMemory request was completed. (0x12B)
[0520/153959.451:ERROR:process_memory_win.cc(73)] ReadMemory at 0xdc698ba000 of 6024 bytes failed: Only part of a ReadProcessMemory or WriteProcessMemory request was completed. (0x12B)
[0520/153959.451:ERROR:process_memory_win.cc(73)] ReadMemory at 0xdc698bc000 of 6024 bytes failed: Only part of a ReadProcessMemory or WriteProcessMemory request was completed. (0x12B)
[0520/153959.451:ERROR:process_memory_win.cc(73)] ReadMemory at 0xdc698be000 of 6024 bytes failed: Only part of a ReadProcessMemory or WriteProcessMemory request was completed. (0x12B)
[0520/153959.451:ERROR:process_memory_win.cc(73)] ReadMemory at 0xdc698c2000 of 6024 bytes failed: Only part of a ReadProcessMemory or WriteProcessMemory request was completed. (0x12B)
[0520/153959.451:ERROR:process_memory_win.cc(73)] ReadMemory at 0xdc698c4000 of 6024 bytes failed: Only part of a ReadProcessMemory or WriteProcessMemory request was completed. (0x12B)
[0520/153959.451:ERROR:process_memory_win.cc(73)] ReadMemory at 0xdc698c6000 of 6024 bytes failed: Only part of a ReadProcessMemory or WriteProcessMemory request was completed. (0x12B)
[0520/153959.452:ERROR:process_memory_win.cc(73)] ReadMemory at 0xdc698c8000 of 6024 bytes failed: Only part of a ReadProcessMemory or WriteProcessMemory request was completed. (0x12B)
[0520/153959.452:ERROR:process_memory_win.cc(73)] ReadMemory at 0xdc698d6000 of 6024 bytes failed: Only part of a ReadProcessMemory or WriteProcessMemory request was completed. (0x12B)
[0520/153959.452:ERROR:process_memory_win.cc(73)] ReadMemory at 0xdc69924000 of 6024 bytes failed: Only part of a ReadProcessMemory or WriteProcessMemory request was completed. (0x12B)
[0520/153959.452:ERROR:process_memory_win.cc(73)] ReadMemory at 0xdc69928000 of 6024 bytes failed: Only part of a ReadProcessMemory or WriteProcessMemory request was completed. (0x12B)
[0520/153959.452:ERROR:process_memory_win.cc(73)] ReadMemory at 0x2c4536d0750 of 80 bytes failed: Only part of a ReadProcessMemory or WriteProcessMemory request was completed. (0x12B)
[0520/153959.452:ERROR:process_memory_win.cc(73)] ReadMemory at 0x2c4536d0fe0 of 10558 bytes failed: Only part of a ReadProcessMemory or WriteProcessMemory request was completed. (0x12B)
[0520/153959.452:ERROR:process_memory_win.cc(73)] ReadMemory at 0x2c4536d3930 of 1012 bytes failed: Only part of a ReadProcessMemory or WriteProcessMemory request was completed. (0x12B)
[0520/153959.452:ERROR:process_memory_win.cc(73)] ReadMemory at 0x2c4536d3f78 of 118 bytes failed: Only part of a ReadProcessMemory or WriteProcessMemory request was completed. (0x12B)
[0520/153959.452:ERROR:process_memory_win.cc(73)] ReadMemory at 0x2c4536d3ff0 of 750 bytes failed: Only part of a ReadProcessMemory or WriteProcessMemory request was completed. (0x12B)
[0520/153959.453:ERROR:process_memory_win.cc(73)] ReadMemory at 0x2c4536d42e0 of 118 bytes failed: Only part of a ReadProcessMemory or WriteProcessMemory request was completed. (0x12B)
[0520/153959.453:ERROR:process_memory_win.cc(73)] ReadMemory at 0x2c4536d4358 of 96 bytes failed: Only part of a ReadProcessMemory or WriteProcessMemory request was completed. (0x12B)
[0520/153959.453:ERROR:process_memory_win.cc(73)] ReadMemory at 0x2c4536d43d0 of 58 bytes failed: Only part of a ReadProcessMemory or WriteProcessMemory request was completed. (0x12B)
[0520/153959.453:ERROR:process_memory_win.cc(73)] ReadMemory at 0x2c4536d44d0 of 132 bytes failed: Only part of a ReadProcessMemory or WriteProcessMemory request was completed. (0x12B)
[0520/153959.453:ERROR:process_memory_win.cc(73)] ReadMemory at 0x2c4536d4660 of 132 bytes failed: Only part of a ReadProcessMemory or WriteProcessMemory request was completed. (0x12B)
[0520/153959.453:ERROR:process_memory_win.cc(73)] ReadMemory at 0x2c4536d4820 of 124 bytes failed: Only part of a ReadProcessMemory or WriteProcessMemory request was completed. (0x12B)
[0520/153959.453:ERROR:process_memory_win.cc(73)] ReadMemory at 0x2c4536d4c00 of 132 bytes failed: Only part of a ReadProcessMemory or WriteProcessMemory request was completed. (0x12B)
[0520/153959.453:ERROR:process_memory_win.cc(73)] ReadMemory at 0x2c4536d4d90 of 64 bytes failed: Only part of a ReadProcessMemory or WriteProcessMemory request was completed. (0x12B)
[0520/153959.453:ERROR:process_memory_win.cc(73)] ReadMemory at 0x2c4536d4f50 of 132 bytes failed: Only part of a ReadProcessMemory or WriteProcessMemory request was completed. (0x12B)
[0520/153959.454:ERROR:process_memory_win.cc(73)] ReadMemory at 0x2c4536d51f0 of 132 bytes failed: Only part of a ReadProcessMemory or WriteProcessMemory request was completed. (0x12B)
[0520/153959.454:ERROR:process_memory_win.cc(73)] ReadMemory at 0x2c4536d5380 of 68 bytes failed: Only part of a ReadProcessMemory or WriteProcessMemory request was completed. (0x12B)
[0520/153959.454:ERROR:process_memory_win.cc(73)] ReadMemory at 0x2c4536d6440 of 132 bytes failed: Only part of a ReadProcessMemory or WriteProcessMemory request was completed. (0x12B)
[0520/153959.454:ERROR:process_memory_win.cc(73)] ReadMemory at 0x2c4536d65d0 of 152 bytes failed: Only part of a ReadProcessMemory or WriteProcessMemory request was completed. (0x12B)
[0520/153959.454:ERROR:process_memory_win.cc(73)] ReadMemory at 0x2c4536d77c0 of 132 bytes failed: Only part of a ReadProcessMemory or WriteProcessMemory request was completed. (0x12B)
[0520/153959.454:ERROR:process_memory_win.cc(73)] ReadMemory at 0x2c4536d79e0 of 132 bytes failed: Only part of a ReadProcessMemory or WriteProcessMemory request was completed. (0x12B)
[0520/153959.454:ERROR:process_memory_win.cc(73)] ReadMemory at 0x2c4536d8770 of 62 bytes failed: Only part of a ReadProcessMemory or WriteProcessMemory request was completed. (0x12B)
[0520/153959.454:ERROR:process_memory_win.cc(73)] ReadMemory at 0x2c4536d87c0 of 132 bytes failed: Only part of a ReadProcessMemory or WriteProcessMemory request was completed. (0x12B)
[0520/153959.454:ERROR:process_memory_win.cc(73)] ReadMemory at 0x2c4536d8960 of 132 bytes failed: Only part of a ReadProcessMemory or WriteProcessMemory request was completed. (0x12B)
[0520/153959.455:ERROR:process_memory_win.cc(73)] ReadMemory at 0x2c4536d8a90 of 60 bytes failed: Only part of a ReadProcessMemory or WriteProcessMemory request was completed. (0x12B)
[0520/153959.455:ERROR:process_memory_win.cc(73)] ReadMemory at 0x2c4536d9950 of 132 bytes failed: Only part of a ReadProcessMemory or WriteProcessMemory request was completed. (0x12B)
[0520/153959.455:ERROR:process_memory_win.cc(73)] ReadMemory at 0x2c4536d9cb0 of 132 bytes failed: Only part of a ReadProcessMemory or WriteProcessMemory request was completed. (0x12B)
[0520/153959.455:ERROR:process_memory_win.cc(73)] ReadMemory at 0x2c4536d9e90 of 132 bytes failed: Only part of a ReadProcessMemory or WriteProcessMemory request was completed. (0x12B)
[0520/153959.455:ERROR:process_memory_win.cc(73)] ReadMemory at 0x2c4536dce30 of 66 bytes failed: Only part of a ReadProcessMemory or WriteProcessMemory request was completed. (0x12B)
[0520/153959.455:ERROR:process_memory_win.cc(73)] ReadMemory at 0x2c4536dce80 of 64 bytes failed: Only part of a ReadProcessMemory or WriteProcessMemory request was completed. (0x12B)
[0520/153959.455:ERROR:process_memory_win.cc(73)] ReadMemory at 0x2c4536dcf20 of 64 bytes failed: Only part of a ReadProcessMemory or WriteProcessMemory request was completed. (0x12B)
[0520/153959.455:ERROR:process_memory_win.cc(73)] ReadMemory at 0x2c4536dcfc0 of 62 bytes failed: Only part of a ReadProcessMemory or WriteProcessMemory request was completed. (0x12B)
[0520/153959.456:ERROR:process_memory_win.cc(73)] ReadMemory at 0x2c4536dd010 of 64 bytes failed: Only part of a ReadProcessMemory or WriteProcessMemory request was completed. (0x12B)
[0520/153959.456:ERROR:process_memory_win.cc(73)] ReadMemory at 0x2c4536dd0b0 of 64 bytes failed: Only part of a ReadProcessMemory or WriteProcessMemory request was completed. (0x12B)
[0520/153959.456:ERROR:process_memory_win.cc(73)] ReadMemory at 0x2c4536dd100 of 60 bytes failed: Only part of a ReadProcessMemory or WriteProcessMemory request was completed. (0x12B)
[0520/153959.456:ERROR:process_memory_win.cc(73)] ReadMemory at 0x2c4536dd380 of 62 bytes failed: Only part of a ReadProcessMemory or WriteProcessMemory request was completed. (0x12B)
[0520/153959.456:ERROR:process_memory_win.cc(73)] ReadMemory at 0x2c4536dd420 of 60 bytes failed: Only part of a ReadProcessMemory or WriteProcessMemory request was completed. (0x12B)
[0520/153959.456:ERROR:process_memory_win.cc(73)] ReadMemory at 0x2c4536dd5a0 of 132 bytes failed: Only part of a ReadProcessMemory or WriteProcessMemory request was completed. (0x12B)
[0520/153959.456:ERROR:process_memory_win.cc(73)] ReadMemory at 0x2c4536dd800 of 132 bytes failed: Only part of a ReadProcessMemory or WriteProcessMemory request was completed. (0x12B)
[0520/153959.456:ERROR:process_memory_win.cc(73)] ReadMemory at 0x2c4536dd930 of 132 bytes failed: Only part of a ReadProcessMemory or WriteProcessMemory request was completed. (0x12B)
[0520/153959.456:ERROR:process_memory_win.cc(73)] ReadMemory at 0x2c4536dda60 of 132 bytes failed: Only part of a ReadProcessMemory or WriteProcessMemory request was completed. (0x12B)
[0520/153959.456:ERROR:process_memory_win.cc(73)] ReadMemory at 0x2c4536ddb90 of 132 bytes failed: Only part of a ReadProcessMemory or WriteProcessMemory request was completed. (0x12B)
[0520/153959.456:ERROR:process_memory_win.cc(73)] ReadMemory at 0x2c4536ddcc0 of 132 bytes failed: Only part of a ReadProcessMemory or WriteProcessMemory request was completed. (0x12B)
[0520/153959.456:ERROR:process_memory_win.cc(73)] ReadMemory at 0x2c4536dddf0 of 132 bytes failed: Only part of a ReadProcessMemory or WriteProcessMemory request was completed. (0x12B)
[0520/153959.456:ERROR:process_memory_win.cc(73)] ReadMemory at 0x2c4536ddf20 of 132 bytes failed: Only part of a ReadProcessMemory or WriteProcessMemory request was completed. (0x12B)
[0520/153959.457:ERROR:process_memory_win.cc(73)] ReadMemory at 0x2c4536de050 of 132 bytes failed: Only part of a ReadProcessMemory or WriteProcessMemory request was completed. (0x12B)
[0520/153959.457:ERROR:process_memory_win.cc(73)] ReadMemory at 0x2c4536de180 of 132 bytes failed: Only part of a ReadProcessMemory or WriteProcessMemory request was completed. (0x12B)
[0520/153959.457:ERROR:process_memory_win.cc(73)] ReadMemory at 0x2c4536de2b0 of 132 bytes failed: Only part of a ReadProcessMemory or WriteProcessMemory request was completed. (0x12B)
[0520/153959.457:ERROR:process_memory_win.cc(73)] ReadMemory at 0x2c4536de3e0 of 132 bytes failed: Only part of a ReadProcessMemory or WriteProcessMemory request was completed. (0x12B)
[0520/153959.457:ERROR:process_memory_win.cc(73)] ReadMemory at 0x2c4536df030 of 512 bytes failed: Only part of a ReadProcessMemory or WriteProcessMemory request was completed. (0x12B)
[0520/153959.457:ERROR:process_memory_win.cc(73)] ReadMemory at 0x2c4536e1520 of 54 bytes failed: Only part of a ReadProcessMemory or WriteProcessMemory request was completed. (0x12B)
[0520/153959.457:ERROR:process_memory_win.cc(73)] ReadMemory at 0x2c4536e17a0 of 132 bytes failed: Only part of a ReadProcessMemory or WriteProcessMemory request was completed. (0x12B)
[0520/153959.463:ERROR:process_memory_win.cc(73)] ReadMemory at 0x2c4536e1f00 of 132 bytes failed: Only part of a ReadProcessMemory or WriteProcessMemory request was completed. (0x12B)
[0520/153959.463:ERROR:process_memory_win.cc(73)] ReadMemory at 0x2c4536e2030 of 144 bytes failed: Only part of a ReadProcessMemory or WriteProcessMemory request was completed. (0x12B)
[0520/153959.463:ERROR:process_memory_win.cc(73)] ReadMemory at 0x2c4536e4b80 of 132 bytes failed: Only part of a ReadProcessMemory or WriteProcessMemory request was completed. (0x12B)
[0520/153959.464:ERROR:process_memory_win.cc(73)] ReadMemory at 0x2c4536e8a60 of 132 bytes failed: Only part of a ReadProcessMemory or WriteProcessMemory request was completed. (0x12B)
[0520/153959.464:ERROR:process_memory_win.cc(73)] ReadMemory at 0x2c4536e9d40 of 76 bytes failed: Only part of a ReadProcessMemory or WriteProcessMemory request was completed. (0x12B)
[0520/153959.464:ERROR:process_memory_win.cc(73)] ReadMemory at 0x2c4536e9da0 of 80 bytes failed: Only part of a ReadProcessMemory or WriteProcessMemory request was completed. (0x12B)
[0520/153959.464:ERROR:process_memory_win.cc(73)] ReadMemory at 0x2c4536ea0d0 of 64 bytes failed: Only part of a ReadProcessMemory or WriteProcessMemory request was completed. (0x12B)
[0520/153959.464:ERROR:process_memory_win.cc(73)] ReadMemory at 0x2c4536ea120 of 64 bytes failed: Only part of a ReadProcessMemory or WriteProcessMemory request was completed. (0x12B)
[0520/153959.464:ERROR:process_memory_win.cc(73)] ReadMemory at 0x2c4536ea170 of 62 bytes failed: Only part of a ReadProcessMemory or WriteProcessMemory request was completed. (0x12B)
[0520/153959.464:ERROR:process_memory_win.cc(73)] ReadMemory at 0x2c4536ea1c0 of 62 bytes failed: Only part of a ReadProcessMemory or WriteProcessMemory request was completed. (0x12B)
[0520/153959.464:ERROR:process_memory_win.cc(73)] ReadMemory at 0x2c4536ea210 of 62 bytes failed: Only part of a ReadProcessMemory or WriteProcessMemory request was completed. (0x12B)
[0520/153959.465:ERROR:process_memory_win.cc(73)] ReadMemory at 0x2c4536ea350 of 60 bytes failed: Only part of a ReadProcessMemory or WriteProcessMemory request was completed. (0x12B)
[0520/153959.465:ERROR:process_memory_win.cc(73)] ReadMemory at 0x2c4536ea440 of 62 bytes failed: Only part of a ReadProcessMemory or WriteProcessMemory request was completed. (0x12B)
[0520/153959.465:ERROR:process_memory_win.cc(73)] ReadMemory at 0x2c4536ea490 of 60 bytes failed: Only part of a ReadProcessMemory or WriteProcessMemory request was completed. (0x12B)
[0520/153959.465:ERROR:process_memory_win.cc(73)] ReadMemory at 0x2c4536ea4e0 of 64 bytes failed: Only part of a ReadProcessMemory or WriteProcessMemory request was completed. (0x12B)
[0520/153959.465:ERROR:process_memory_win.cc(73)] ReadMemory at 0x2c4536ea620 of 60 bytes failed: Only part of a ReadProcessMemory or WriteProcessMemory request was completed. (0x12B)
[0520/153959.465:ERROR:process_memory_win.cc(73)] ReadMemory at 0x2c4536ea8a0 of 62 bytes failed: Only part of a ReadProcessMemory or WriteProcessMemory request was completed. (0x12B)
[0520/153959.465:ERROR:process_memory_win.cc(73)] ReadMemory at 0x2c4536ea8f0 of 62 bytes failed: Only part of a ReadProcessMemory or WriteProcessMemory request was completed. (0x12B)
[0520/153959.465:ERROR:process_memory_win.cc(73)] ReadMemory at 0x2c4536ea940 of 66 bytes failed: Only part of a ReadProcessMemory or WriteProcessMemory request was completed. (0x12B)
[0520/153959.466:ERROR:process_memory_win.cc(73)] ReadMemory at 0x2c4536ea990 of 58 bytes failed: Only part of a ReadProcessMemory or WriteProcessMemory request was completed. (0x12B)
[0520/153959.466:ERROR:process_memory_win.cc(73)] ReadMemory at 0x2c4536eaa30 of 62 bytes failed: Only part of a ReadProcessMemory or WriteProcessMemory request was completed. (0x12B)
[0520/153959.466:ERROR:process_memory_win.cc(73)] ReadMemory at 0x2c4536eaad0 of 62 bytes failed: Only part of a ReadProcessMemory or WriteProcessMemory request was completed. (0x12B)
[0520/153959.466:ERROR:process_memory_win.cc(73)] ReadMemory at 0x2c4536eada0 of 64 bytes failed: Only part of a ReadProcessMemory or WriteProcessMemory request was completed. (0x12B)
[0520/153959.466:ERROR:process_memory_win.cc(73)] ReadMemory at 0x2c4536eaf80 of 60 bytes failed: Only part of a ReadProcessMemory or WriteProcessMemory request was completed. (0x12B)
[0520/153959.466:ERROR:process_memory_win.cc(73)] ReadMemory at 0x2c4536eb040 of 132 bytes failed: Only part of a ReadProcessMemory or WriteProcessMemory request was completed. (0x12B)
[0520/153959.466:ERROR:process_memory_win.cc(73)] ReadMemory at 0x2c4536eb630 of 132 bytes failed: Only part of a ReadProcessMemory or WriteProcessMemory request was completed. (0x12B)
[0520/153959.466:ERROR:process_memory_win.cc(73)] ReadMemory at 0x2c4536eb9c0 of 132 bytes failed: Only part of a ReadProcessMemory or WriteProcessMemory request was completed. (0x12B)
[0520/153959.466:ERROR:process_memory_win.cc(73)] ReadMemory at 0x2c4536ebc20 of 132 bytes failed: Only part of a ReadProcessMemory or WriteProcessMemory request was completed. (0x12B)
[0520/153959.466:ERROR:process_memory_win.cc(73)] ReadMemory at 0x2c4536ebfb0 of 132 bytes failed: Only part of a ReadProcessMemory or WriteProcessMemory request was completed. (0x12B)
[0520/153959.466:ERROR:process_memory_win.cc(73)] ReadMemory at 0x2c4536ec210 of 132 bytes failed: Only part of a ReadProcessMemory or WriteProcessMemory request was completed. (0x12B)
[0520/153959.467:ERROR:process_memory_win.cc(73)] ReadMemory at 0x2c4536ec340 of 132 bytes failed: Only part of a ReadProcessMemory or WriteProcessMemory request was completed. (0x12B)
[0520/153959.467:ERROR:process_memory_win.cc(73)] ReadMemory at 0x2c4536ec470 of 132 bytes failed: Only part of a ReadProcessMemory or WriteProcessMemory request was completed. (0x12B)
[0520/153959.467:ERROR:process_memory_win.cc(73)] ReadMemory at 0x2c4536ec6d0 of 132 bytes failed: Only part of a ReadProcessMemory or WriteProcessMemory request was completed. (0x12B)
[0520/153959.467:ERROR:process_memory_win.cc(73)] ReadMemory at 0x2c4536eca60 of 132 bytes failed: Only part of a ReadProcessMemory or WriteProcessMemory request was completed. (0x12B)
[0520/153959.467:ERROR:process_memory_win.cc(73)] ReadMemory at 0x2c4537062e0 of 512 bytes failed: Only part of a ReadProcessMemory or WriteProcessMemory request was completed. (0x12B)
[0520/153959.467:ERROR:process_memory_win.cc(73)] ReadMemory at 0x2c453706680 of 512 bytes failed: Only part of a ReadProcessMemory or WriteProcessMemory request was completed. (0x12B)
[0520/153959.467:ERROR:process_memory_win.cc(73)] ReadMemory at 0x2c453c70000 of 384 bytes failed: Only part of a ReadProcessMemory or WriteProcessMemory request was completed. (0x12B)
[0520/153959.468:ERROR:process_memory_win.cc(73)] ReadMemory at 0x2c453cb1178 of 512 bytes failed: Only part of a ReadProcessMemory or WriteProcessMemory request was completed. (0x12B)
[0520/153959.468:ERROR:process_memory_win.cc(73)] ReadMemory at 0x2c453cb2300 of 768 bytes failed: Only part of a ReadProcessMemory or WriteProcessMemory request was completed. (0x12B)
[0520/153959.468:ERROR:process_memory_win.cc(73)] ReadMemory at 0x2c453cc5580 of 512 bytes failed: Only part of a ReadProcessMemory or WriteProcessMemory request was completed. (0x12B)
[0520/153959.468:ERROR:process_memory_win.cc(73)] ReadMemory at 0x2c453cdf970 of 712 bytes failed: Only part of a ReadProcessMemory or WriteProcessMemory request was completed. (0x12B)
[0520/153959.468:ERROR:process_memory_win.cc(73)] ReadMemory at 0x2c453ce9d90 of 512 bytes failed: Only part of a ReadProcessMemory or WriteProcessMemory request was completed. (0x12B)
[0520/153959.468:ERROR:process_memory_win.cc(73)] ReadMemory at 0x2c453cef500 of 512 bytes failed: Only part of a ReadProcessMemory or WriteProcessMemory request was completed. (0x12B)
[0520/153959.468:ERROR:process_memory_win.cc(73)] ReadMemory at 0x2c453d22af0 of 512 bytes failed: Only part of a ReadProcessMemory or WriteProcessMemory request was completed. (0x12B)
[0520/153959.468:ERROR:process_memory_win.cc(73)] ReadMemory at 0x2c4553c8320 of 512 bytes failed: Only part of a ReadProcessMemory or WriteProcessMemory request was completed. (0x12B)
[0520/153959.469:ERROR:process_memory_win.cc(73)] ReadMemory at 0x2c456c79be0 of 512 bytes failed: Only part of a ReadProcessMemory or WriteProcessMemory request was completed. (0x12B)
[0520/153959.469:ERROR:process_memory_win.cc(73)] ReadMemory at 0x2be800000000 of 384 bytes failed: Only part of a ReadProcessMemory or WriteProcessMemory request was completed. (0x12B)
[0520/153959.469:ERROR:process_memory_win.cc(73)] ReadMemory at 0x2be808241685 of 512 bytes failed: Only part of a ReadProcessMemory or WriteProcessMemory request was completed. (0x12B)
[0520/153959.469:ERROR:process_memory_win.cc(73)] ReadMemory at 0x2be80aa13429 of 512 bytes failed: Only part of a ReadProcessMemory or WriteProcessMemory request was completed. (0x12B)
[0520/153959.469:ERROR:process_memory_win.cc(73)] ReadMemory at 0x7ffdb276733c of 512 bytes failed: Only part of a ReadProcessMemory or WriteProcessMemory request was completed. (0x12B)
[0520/153959.469:ERROR:process_memory_win.cc(73)] ReadMemory at 0x7ffdb278806c of 512 bytes failed: Only part of a ReadProcessMemory or WriteProcessMemory request was completed. (0x12B)
[0520/153959.469:ERROR:process_memory_win.cc(73)] ReadMemory at 0x7ffe23a0a719 of 512 bytes failed: Only part of a ReadProcessMemory or WriteProcessMemory request was completed. (0x12B)
[0520/153959.469:ERROR:process_memory_win.cc(73)] ReadMemory at 0x7ffe23c3c6e0 of 512 bytes failed: Only part of a ReadProcessMemory or WriteProcessMemory request was completed. (0x12B)
[0520/153959.469:ERROR:process_memory_win.cc(73)] ReadMemory at 0x7ffe2653c074 of 672 bytes failed: Only part of a ReadProcessMemory or WriteProcessMemory request was completed. (0x12B)
[0520/153959.470:ERROR:process_memory_win.cc(73)] ReadMemory at 0x7ffe2653c674 of 512 bytes failed: Only part of a ReadProcessMemory or WriteProcessMemory request was completed. (0x12B)
[0520/153959.470:ERROR:process_memory_win.cc(73)] ReadMemory at 0x7ffe2653f924 of 608 bytes failed: Only part of a ReadProcessMemory or WriteProcessMemory request was completed. (0x12B)
[0520/153959.470:ERROR:process_memory_win.cc(73)] ReadMemory at 0x7ffe265cc428 of 18 bytes failed: Only part of a ReadProcessMemory or WriteProcessMemory request was completed. (0x12B)
[0520/153959.470:ERROR:process_memory_win.cc(73)] ReadMemory at 0x7ffe265ff4f8 of 40 bytes failed: Only part of a ReadProcessMemory or WriteProcessMemory request was completed. (0x12B)
[0520/153959.470:ERROR:process_memory_win.cc(73)] ReadMemory at 0x7ffe265ff978 of 48 bytes failed: Only part of a ReadProcessMemory or WriteProcessMemory request was completed. (0x12B)
[0520/153959.470:ERROR:process_memory_win.cc(73)] ReadMemory at 0x7ffe266053c0 of 64 bytes failed: Only part of a ReadProcessMemory or WriteProcessMemory request was completed. (0x12B)
[0520/153959.473:ERROR:scoped_process_suspend.cc(40)] NtResumeProcess: An attempt was made to access an exiting process. (0xc000010a)
